<?xml version="1.0" encoding="UTF-8"?>
<!-- Generated by org.testng.reporters.JUnitReportReporter -->
<testsuite hostname="AEADLT15708" failures="0" tests="13" name="CloudJune.CloudJune.UAskChat" time="209.475" errors="0" timestamp="2025-10-07T14:19:18 GST" skipped="0">
  <testcase classname="CloudJune.CloudJune.UAskChat" name="chatWidgetLoadsDesktop" time="4.158"/>
  <testcase classname="CloudJune.CloudJune.UAskChat" name="sendMessageAndReceiveResponse" time="18.295"/>
  <testcase classname="CloudJune.CloudJune.UAskChat" name="inputClearedAfterSending" time="10.893"/>
  <testcase classname="CloudJune.CloudJune.UAskChat" name="multilingualSupportArabicRTL" time="19.175"/>
  <testcase classname="CloudJune.CloudJune.UAskChat" name="scrollAndAccessibility" time="12.379"/>
  <testcase classname="CloudJune.CloudJune.UAskChat" name="testClearHelpfulResponse" time="16.784"/>
  <testcase classname="CloudJune.CloudJune.UAskChat" name="testNoHallucinations" time="21.754"/>
  <testcase classname="CloudJune.CloudJune.UAskChat" name="testConsistentResponsesAcrossLanguages" time="33.018"/>
  <testcase classname="CloudJune.CloudJune.UAskChat" name="testCleanResponseFormatting" time="21.436"/>
  <testcase classname="CloudJune.CloudJune.UAskChat" name="testLoadingState" time="10.863"/>
  <testcase classname="CloudJune.CloudJune.UAskChat" name="testFallbackMessage" time="16.388"/>
  <testcase classname="CloudJune.CloudJune.UAskChat" name="testChatWidgetLoadsOnMobile" time="11.867"/>
  <testcase classname="CloudJune.CloudJune.UAskChat" name="testIgnoresMaliciousPrompts" time="12.465"/>
</testsuite> <!-- CloudJune.CloudJune.UAskChat -->
